<?xml version="1.0" encoding="UTF-8" standalone="yes"?>
<testsuites name="TestSuite" time="24" tests="3" failures="0" errors="0">
    <testsuite name="TestSuite" tests="3" failures="0" errors="0" time="24" timestamp="2019-09-21 21:15:19" hostname="deCasa - host.docker.internal" id="Test Suites/TestSuite">
        <properties>
            <property name="deviceName" value=""/>
            <property name="devicePlatform" value=""/>
            <property name="logFolder" value="C:\\Users\\elmat\\Documents\\TestKatalon\\Reports\\20190921_211514\\TestSuite\\20190921_211514"/>
            <property name="logFiles" value="C:\\Users\\elmat\\Documents\\TestKatalon\\Reports\\20190921_211514\\TestSuite\\20190921_211514\\execution0.log"/>
            <property name="attachments" value=""/>
            <property name="hostName" value="deCasa - host.docker.internal"/>
            <property name="os" value="Windows 10 64bit"/>
            <property name="katalonVersion" value="6.3.3.11"/>
            <property name="browser" value="Chrome 77.0.3865.90"/>
            <property name="hostAddress" value="192.168.0.15"/>
            <property name="sessionId" value="a1039f8477ac9ef5c0c50d43d654d2b3"/>
            <property name="seleniumVersion" value="3.141.59"/>
            <property name="proxyInformation" value="ProxyInformation{proxyOption=NO_PROXY, proxyServerType=HTTP, password=, proxyServerAddress=, proxyServerPort=0}"/>
            <property name="platform" value="Windows 10"/>
        </properties>
        <testcase name="Test Cases/TestA" classname="Test Cases/TestA" status="PASSED">
            <system-out>2019-09-21 21:15:20 - [TEST_CASE][PASSED] - Test Cases/TestA: Test Cases/TestA&#xD;
&#xD;
2019-09-21 21:15:20 - [TEST_STEP][PASSED] - openBrowser(""): Browser is opened with url: ''&#xD;
&#xD;
2019-09-21 21:15:20 - [MESSAGE][INFO] - Starting 'Chrome (headless)' driver&#xD;
&#xD;
2019-09-21 21:15:20 - [MESSAGE][INFO] - User set preference: ['args', '[--window-size=1024,768, --disable-dev-shm-usage, --no-sandbox]']&#xD;
&#xD;
2019-09-21 21:15:20 - [MESSAGE][INFO] - Action delay is set to 0 seconds&#xD;
&#xD;
2019-09-21 21:15:26 - [MESSAGE][PASSED] - Browser is opened with url: ''&#xD;
&#xD;
2019-09-21 21:15:26 - [TEST_STEP][PASSED] - navigateToUrl("http://192.241.158.156/#/"): Navigate to 'http://192.241.158.156/#/' successfully&#xD;
&#xD;
2019-09-21 21:15:28 - [MESSAGE][PASSED] - Navigate to 'http://192.241.158.156/#/' successfully&#xD;
&#xD;
2019-09-21 21:15:28 - [TEST_STEP][PASSED] - setText(findTestObject("Object Repository/TestA/Page_front/input_Nombre completo_input-1"), "Carla Damasco"): Text 'Carla Damasco' is set on object 'Object Repository/TestA/Page_front/input_Nombre completo_input-1'&#xD;
&#xD;
2019-09-21 21:15:28 - [MESSAGE][PASSED] - Text 'Carla Damasco' is set on object 'Object Repository/TestA/Page_front/input_Nombre completo_input-1'&#xD;
&#xD;
2019-09-21 21:15:28 - [TEST_STEP][PASSED] - setText(findTestObject("Object Repository/TestA/Page_front/input_RUT_input-2"), "10.103.123-4"): Text '10.103.123-4' is set on object 'Object Repository/TestA/Page_front/input_RUT_input-2'&#xD;
&#xD;
2019-09-21 21:15:28 - [MESSAGE][PASSED] - Text '10.103.123-4' is set on object 'Object Repository/TestA/Page_front/input_RUT_input-2'&#xD;
&#xD;
2019-09-21 21:15:28 - [TEST_STEP][PASSED] - setText(findTestObject("Object Repository/TestA/Page_front/input_Fecha de nacimiento_input-3"), "10/01/1923"): Text '10/01/1923' is set on object 'Object Repository/TestA/Page_front/input_Fecha de nacimiento_input-3'&#xD;
&#xD;
2019-09-21 21:15:28 - [MESSAGE][PASSED] - Text '10/01/1923' is set on object 'Object Repository/TestA/Page_front/input_Fecha de nacimiento_input-3'&#xD;
&#xD;
2019-09-21 21:15:28 - [TEST_STEP][PASSED] - selectOptionByValue(findTestObject("Object Repository/TestA/Page_front/select_Ingenieria"), "Ingenieria en Alimentos", true): All options with value 'Ingenieria en Alimentos' are selected in object 'Object Repository/TestA/Page_front/select_Ingenieria'  using regular expression&#xD;
&#xD;
2019-09-21 21:15:29 - [MESSAGE][PASSED] - All options with value 'Ingenieria en Alimentos' are selected in object 'Object Repository/TestA/Page_front/select_Ingenieria'  using regular expression&#xD;
&#xD;
2019-09-21 21:15:29 - [TEST_STEP][PASSED] - click(findTestObject("Object Repository/TestA/Page_front/button_Registrar")): Object: 'Object Repository/TestA/Page_front/button_Registrar' is clicked on&#xD;
&#xD;
2019-09-21 21:15:29 - [MESSAGE][PASSED] - Object: 'Object Repository/TestA/Page_front/button_Registrar' is clicked on&#xD;
&#xD;
2019-09-21 21:15:29 - [TEST_STEP][PASSED] - closeBrowser(): Browser is closed&#xD;
&#xD;
2019-09-21 21:15:29 - [MESSAGE][PASSED] - Browser is closed</system-out>
            <system-err></system-err>
        </testcase>
        <testcase name="Test Cases/TestB" classname="Test Cases/TestB" status="PASSED">
            <system-out>2019-09-21 21:15:29 - [TEST_CASE][PASSED] - Test Cases/TestB: Test Cases/TestB&#xD;
&#xD;
2019-09-21 21:15:30 - [TEST_STEP][PASSED] - openBrowser(""): Browser is opened with url: ''&#xD;
&#xD;
2019-09-21 21:15:30 - [MESSAGE][INFO] - Starting 'Chrome (headless)' driver&#xD;
&#xD;
2019-09-21 21:15:30 - [MESSAGE][INFO] - User set preference: ['args', '[--window-size=1024,768, --disable-dev-shm-usage, --no-sandbox]']&#xD;
&#xD;
2019-09-21 21:15:32 - [MESSAGE][PASSED] - Browser is opened with url: ''&#xD;
&#xD;
2019-09-21 21:15:32 - [TEST_STEP][PASSED] - navigateToUrl("http://192.241.158.156/#/"): Navigate to 'http://192.241.158.156/#/' successfully&#xD;
&#xD;
2019-09-21 21:15:35 - [MESSAGE][PASSED] - Navigate to 'http://192.241.158.156/#/' successfully&#xD;
&#xD;
2019-09-21 21:15:35 - [TEST_STEP][PASSED] - click(findTestObject("Object Repository/TestB/Page_front/a_Buscar")): Object: 'Object Repository/TestB/Page_front/a_Buscar' is clicked on&#xD;
&#xD;
2019-09-21 21:15:35 - [MESSAGE][PASSED] - Object: 'Object Repository/TestB/Page_front/a_Buscar' is clicked on&#xD;
&#xD;
2019-09-21 21:15:35 - [TEST_STEP][PASSED] - selectOptionByValue(findTestObject("Object Repository/TestB/Page_front/select_Ingenieria"), "Ingenieria Comercial", true): All options with value 'Ingenieria Comercial' are selected in object 'Object Repository/TestB/Page_front/select_Ingenieria'  using regular expression&#xD;
&#xD;
2019-09-21 21:15:36 - [MESSAGE][PASSED] - All options with value 'Ingenieria Comercial' are selected in object 'Object Repository/TestB/Page_front/select_Ingenieria'  using regular expression&#xD;
&#xD;
2019-09-21 21:15:36 - [TEST_STEP][PASSED] - click(findTestObject("Object Repository/TestB/Page_front/button_Buscar")): Object: 'Object Repository/TestB/Page_front/button_Buscar' is clicked on&#xD;
&#xD;
2019-09-21 21:15:36 - [MESSAGE][PASSED] - Object: 'Object Repository/TestB/Page_front/button_Buscar' is clicked on&#xD;
&#xD;
2019-09-21 21:15:36 - [TEST_STEP][PASSED] - closeBrowser(): Browser is closed&#xD;
&#xD;
2019-09-21 21:15:37 - [MESSAGE][PASSED] - Browser is closed</system-out>
            <system-err></system-err>
        </testcase>
        <testcase name="Test Cases/TestC" classname="Test Cases/TestC" status="PASSED">
            <system-out>2019-09-21 21:15:37 - [TEST_CASE][PASSED] - Test Cases/TestC: Test Cases/TestC&#xD;
&#xD;
2019-09-21 21:15:37 - [TEST_STEP][PASSED] - openBrowser(""): Browser is opened with url: ''&#xD;
&#xD;
2019-09-21 21:15:37 - [MESSAGE][INFO] - Starting 'Chrome (headless)' driver&#xD;
&#xD;
2019-09-21 21:15:37 - [MESSAGE][INFO] - User set preference: ['args', '[--window-size=1024,768, --disable-dev-shm-usage, --no-sandbox]']&#xD;
&#xD;
2019-09-21 21:15:39 - [MESSAGE][PASSED] - Browser is opened with url: ''&#xD;
&#xD;
2019-09-21 21:15:39 - [TEST_STEP][PASSED] - navigateToUrl("http://192.241.158.156/#/"): Navigate to 'http://192.241.158.156/#/' successfully&#xD;
&#xD;
2019-09-21 21:15:41 - [MESSAGE][PASSED] - Navigate to 'http://192.241.158.156/#/' successfully&#xD;
&#xD;
2019-09-21 21:15:41 - [TEST_STEP][PASSED] - setText(findTestObject("Object Repository/TestC/Page_front/input_Nombre completo_input-1"), "Valentina Guzman"): Text 'Valentina Guzman' is set on object 'Object Repository/TestC/Page_front/input_Nombre completo_input-1'&#xD;
&#xD;
2019-09-21 21:15:41 - [MESSAGE][PASSED] - Text 'Valentina Guzman' is set on object 'Object Repository/TestC/Page_front/input_Nombre completo_input-1'&#xD;
&#xD;
2019-09-21 21:15:41 - [TEST_STEP][PASSED] - setText(findTestObject("Object Repository/TestC/Page_front/input_RUT_input-2"), "12.123.412-3"): Text '12.123.412-3' is set on object 'Object Repository/TestC/Page_front/input_RUT_input-2'&#xD;
&#xD;
2019-09-21 21:15:41 - [MESSAGE][PASSED] - Text '12.123.412-3' is set on object 'Object Repository/TestC/Page_front/input_RUT_input-2'&#xD;
&#xD;
2019-09-21 21:15:41 - [TEST_STEP][PASSED] - setText(findTestObject("Object Repository/TestC/Page_front/input_Fecha de nacimiento_input-3"), "10/02/1992"): Text '10/02/1992' is set on object 'Object Repository/TestC/Page_front/input_Fecha de nacimiento_input-3'&#xD;
&#xD;
2019-09-21 21:15:41 - [MESSAGE][PASSED] - Text '10/02/1992' is set on object 'Object Repository/TestC/Page_front/input_Fecha de nacimiento_input-3'&#xD;
&#xD;
2019-09-21 21:15:41 - [TEST_STEP][PASSED] - selectOptionByValue(findTestObject("Object Repository/TestC/Page_front/select_Ingenieria"), "Ingenieria Comercial", true): All options with value 'Ingenieria Comercial' are selected in object 'Object Repository/TestC/Page_front/select_Ingenieria'  using regular expression&#xD;
&#xD;
2019-09-21 21:15:42 - [MESSAGE][PASSED] - All options with value 'Ingenieria Comercial' are selected in object 'Object Repository/TestC/Page_front/select_Ingenieria'  using regular expression&#xD;
&#xD;
2019-09-21 21:15:42 - [TEST_STEP][PASSED] - click(findTestObject("Object Repository/TestC/Page_front/button_Registrar")): Object: 'Object Repository/TestC/Page_front/button_Registrar' is clicked on&#xD;
&#xD;
2019-09-21 21:15:42 - [MESSAGE][PASSED] - Object: 'Object Repository/TestC/Page_front/button_Registrar' is clicked on&#xD;
&#xD;
2019-09-21 21:15:42 - [TEST_STEP][PASSED] - click(findTestObject("Object Repository/TestC/Page_front/a_Buscar")): Object: 'Object Repository/TestC/Page_front/a_Buscar' is clicked on&#xD;
&#xD;
2019-09-21 21:15:42 - [MESSAGE][PASSED] - Object: 'Object Repository/TestC/Page_front/a_Buscar' is clicked on&#xD;
&#xD;
2019-09-21 21:15:42 - [TEST_STEP][PASSED] - selectOptionByValue(findTestObject("Object Repository/TestC/Page_front/select_Ingenieria"), "Ingenieria Comercial", true): All options with value 'Ingenieria Comercial' are selected in object 'Object Repository/TestC/Page_front/select_Ingenieria'  using regular expression&#xD;
&#xD;
2019-09-21 21:15:43 - [MESSAGE][PASSED] - All options with value 'Ingenieria Comercial' are selected in object 'Object Repository/TestC/Page_front/select_Ingenieria'  using regular expression&#xD;
&#xD;
2019-09-21 21:15:43 - [TEST_STEP][PASSED] - click(findTestObject("Object Repository/TestC/Page_front/button_Buscar")): Object: 'Object Repository/TestC/Page_front/button_Buscar' is clicked on&#xD;
&#xD;
2019-09-21 21:15:43 - [MESSAGE][PASSED] - Object: 'Object Repository/TestC/Page_front/button_Buscar' is clicked on&#xD;
&#xD;
2019-09-21 21:15:43 - [TEST_STEP][PASSED] - closeBrowser(): Browser is closed&#xD;
&#xD;
2019-09-21 21:15:43 - [MESSAGE][PASSED] - Browser is closed</system-out>
            <system-err></system-err>
        </testcase>
        <system-out>2019-09-21 21:15:19 - [TEST_SUITE][INCOMPLETE] - TestSuite: null</system-out>
        <system-err>2019-09-21 21:15:19 - [TEST_SUITE][INCOMPLETE] - TestSuite: null</system-err>
    </testsuite>
</testsuites>
